Running in verbose mode

-----------------------------------------------------------------
  pg_upgrade run on Mon Feb  6 12:25:39 2017
-----------------------------------------------------------------

check for "/usr/local/Cellar/postgresql/9.4.5_2/bin" failed: No such file or directory

Running in verbose mode

-----------------------------------------------------------------
  pg_upgrade run on Mon Feb  6 12:29:37 2017
-----------------------------------------------------------------

check for "/usr/local/var/postgres9.6" failed: No such file or directory

Running in verbose mode

-----------------------------------------------------------------
  pg_upgrade run on Mon Feb  6 12:30:19 2017
-----------------------------------------------------------------

check for "/usr/local/var/postgres9.6" failed: No such file or directory

Running in verbose mode

-----------------------------------------------------------------
  pg_upgrade run on Mon Feb  6 12:32:42 2017
-----------------------------------------------------------------

"/usr/local/Cellar/postgresql/9.5.4_1/bin/pg_ctl" -w -l "pg_upgrade_server.log" -D "/usr/local/var/postgres" -o "-p 50432 -c autovacuum=off -c autovacuum_freeze_max_age=2000000000  -c listen_addresses='' -c unix_socket_permissions=0700" start >> "pg_upgrade_server.log" 2>&1

*failure*
There were problems executing ""/usr/local/Cellar/postgresql/9.5.4_1/bin/pg_ctl" -w -l "pg_upgrade_server.log" -D "/usr/local/var/postgres" -o "-p 50432 -c autovacuum=off -c autovacuum_freeze_max_age=2000000000  -c listen_addresses='' -c unix_socket_permissions=0700" start >> "pg_upgrade_server.log" 2>&1"
Consult the last few lines of "pg_upgrade_server.log" for
the probable cause of the failure.
There seems to be a postmaster servicing the old cluster.
Please shutdown that postmaster and try again.
Running in verbose mode

-----------------------------------------------------------------
  pg_upgrade run on Mon Feb  6 12:54:12 2017
-----------------------------------------------------------------

"/usr/local/Cellar/postgresql/9.5.4_1/bin/pg_ctl" -w -l "pg_upgrade_server.log" -D "/usr/local/var/postgres" -o "-p 50432 -c autovacuum=off -c autovacuum_freeze_max_age=2000000000  -c listen_addresses='' -c unix_socket_permissions=0700" start >> "pg_upgrade_server.log" 2>&1

*failure*
There were problems executing ""/usr/local/Cellar/postgresql/9.5.4_1/bin/pg_ctl" -w -l "pg_upgrade_server.log" -D "/usr/local/var/postgres" -o "-p 50432 -c autovacuum=off -c autovacuum_freeze_max_age=2000000000  -c listen_addresses='' -c unix_socket_permissions=0700" start >> "pg_upgrade_server.log" 2>&1"
Consult the last few lines of "pg_upgrade_server.log" for
the probable cause of the failure.
There seems to be a postmaster servicing the old cluster.
Please shutdown that postmaster and try again.
Running in verbose mode

-----------------------------------------------------------------
  pg_upgrade run on Mon Feb  6 17:42:53 2017
-----------------------------------------------------------------

"/usr/local/Cellar/postgresql/9.5.4_1/bin/pg_ctl" -w -l "pg_upgrade_server.log" -D "/usr/local/var/postgres" -o "-p 50432 -c autovacuum=off -c autovacuum_freeze_max_age=2000000000  -c listen_addresses='' -c unix_socket_permissions=0700" start >> "pg_upgrade_server.log" 2>&1

*failure*
There were problems executing ""/usr/local/Cellar/postgresql/9.5.4_1/bin/pg_ctl" -w -l "pg_upgrade_server.log" -D "/usr/local/var/postgres" -o "-p 50432 -c autovacuum=off -c autovacuum_freeze_max_age=2000000000  -c listen_addresses='' -c unix_socket_permissions=0700" start >> "pg_upgrade_server.log" 2>&1"
Consult the last few lines of "pg_upgrade_server.log" for
the probable cause of the failure.
There seems to be a postmaster servicing the old cluster.
Please shutdown that postmaster and try again.

-----------------------------------------------------------------
  pg_upgrade run on Mon Feb  6 17:46:12 2017
-----------------------------------------------------------------

You must identify the directory where the old cluster binaries reside.
Please use the -b command-line option or the PGBINOLD environment variable.
Running in verbose mode

-----------------------------------------------------------------
  pg_upgrade run on Mon Feb  6 17:46:32 2017
-----------------------------------------------------------------

"/usr/local/Cellar/postgresql/9.5.4_1/bin/pg_ctl" -w -l "pg_upgrade_server.log" -D "/usr/local/var/postgres" -o "-p 50432 -c autovacuum=off -c autovacuum_freeze_max_age=2000000000  -c listen_addresses='' -c unix_socket_permissions=0700" start >> "pg_upgrade_server.log" 2>&1

*failure*
There were problems executing ""/usr/local/Cellar/postgresql/9.5.4_1/bin/pg_ctl" -w -l "pg_upgrade_server.log" -D "/usr/local/var/postgres" -o "-p 50432 -c autovacuum=off -c autovacuum_freeze_max_age=2000000000  -c listen_addresses='' -c unix_socket_permissions=0700" start >> "pg_upgrade_server.log" 2>&1"
Consult the last few lines of "pg_upgrade_server.log" for
the probable cause of the failure.
There seems to be a postmaster servicing the old cluster.
Please shutdown that postmaster and try again.
Running in verbose mode

-----------------------------------------------------------------
  pg_upgrade run on Tue Feb  7 20:46:06 2017
-----------------------------------------------------------------

"/usr/local/Cellar/postgresql/9.5.4_1/bin/pg_ctl" -w -l "pg_upgrade_server.log" -D "/usr/local/var/postgres" -o "-p 50432 -c autovacuum=off -c autovacuum_freeze_max_age=2000000000  -c listen_addresses='' -c unix_socket_permissions=0700" start >> "pg_upgrade_server.log" 2>&1

*failure*
There were problems executing ""/usr/local/Cellar/postgresql/9.5.4_1/bin/pg_ctl" -w -l "pg_upgrade_server.log" -D "/usr/local/var/postgres" -o "-p 50432 -c autovacuum=off -c autovacuum_freeze_max_age=2000000000  -c listen_addresses='' -c unix_socket_permissions=0700" start >> "pg_upgrade_server.log" 2>&1"
Consult the last few lines of "pg_upgrade_server.log" for
the probable cause of the failure.
There seems to be a postmaster servicing the old cluster.
Please shutdown that postmaster and try again.
