
-----------------------------------------------------------------
  pg_upgrade run on Mon Feb  6 12:25:39 2017
-----------------------------------------------------------------


-----------------------------------------------------------------
  pg_upgrade run on Mon Feb  6 12:29:37 2017
-----------------------------------------------------------------


-----------------------------------------------------------------
  pg_upgrade run on Mon Feb  6 12:30:19 2017
-----------------------------------------------------------------


-----------------------------------------------------------------
  pg_upgrade run on Mon Feb  6 12:32:42 2017
-----------------------------------------------------------------

command: "/usr/local/Cellar/postgresql/9.5.4_1/bin/pg_ctl" -w -l "pg_upgrade_server.log" -D "/usr/local/var/postgres" -o "-p 50432 -c autovacuum=off -c autovacuum_freeze_max_age=2000000000  -c listen_addresses='' -c unix_socket_permissions=0700" start >> "pg_upgrade_server.log" 2>&1
pg_ctl: another server might be running; trying to start server anyway
waiting for server to start....FATAL:  lock file "postmaster.pid" already exists
HINT:  Is another postmaster (PID 426) running in data directory "/usr/local/var/postgres"?
 stopped waiting
pg_ctl: could not start server
Examine the log output.



-----------------------------------------------------------------
  pg_upgrade run on Mon Feb  6 12:54:12 2017
-----------------------------------------------------------------

command: "/usr/local/Cellar/postgresql/9.5.4_1/bin/pg_ctl" -w -l "pg_upgrade_server.log" -D "/usr/local/var/postgres" -o "-p 50432 -c autovacuum=off -c autovacuum_freeze_max_age=2000000000  -c listen_addresses='' -c unix_socket_permissions=0700" start >> "pg_upgrade_server.log" 2>&1
pg_ctl: another server might be running; trying to start server anyway
waiting for server to start....FATAL:  lock file "postmaster.pid" already exists
HINT:  Is another postmaster (PID 426) running in data directory "/usr/local/var/postgres"?
 stopped waiting
pg_ctl: could not start server
Examine the log output.



-----------------------------------------------------------------
  pg_upgrade run on Mon Feb  6 17:42:53 2017
-----------------------------------------------------------------

command: "/usr/local/Cellar/postgresql/9.5.4_1/bin/pg_ctl" -w -l "pg_upgrade_server.log" -D "/usr/local/var/postgres" -o "-p 50432 -c autovacuum=off -c autovacuum_freeze_max_age=2000000000  -c listen_addresses='' -c unix_socket_permissions=0700" start >> "pg_upgrade_server.log" 2>&1
pg_ctl: another server might be running; trying to start server anyway
waiting for server to start....FATAL:  lock file "postmaster.pid" already exists
HINT:  Is another postmaster (PID 426) running in data directory "/usr/local/var/postgres"?
 stopped waiting
pg_ctl: could not start server
Examine the log output.



-----------------------------------------------------------------
  pg_upgrade run on Mon Feb  6 17:46:12 2017
-----------------------------------------------------------------


-----------------------------------------------------------------
  pg_upgrade run on Mon Feb  6 17:46:32 2017
-----------------------------------------------------------------

command: "/usr/local/Cellar/postgresql/9.5.4_1/bin/pg_ctl" -w -l "pg_upgrade_server.log" -D "/usr/local/var/postgres" -o "-p 50432 -c autovacuum=off -c autovacuum_freeze_max_age=2000000000  -c listen_addresses='' -c unix_socket_permissions=0700" start >> "pg_upgrade_server.log" 2>&1
pg_ctl: another server might be running; trying to start server anyway
waiting for server to start....FATAL:  lock file "postmaster.pid" already exists
HINT:  Is another postmaster (PID 426) running in data directory "/usr/local/var/postgres"?
 stopped waiting
pg_ctl: could not start server
Examine the log output.



-----------------------------------------------------------------
  pg_upgrade run on Tue Feb  7 20:46:06 2017
-----------------------------------------------------------------

command: "/usr/local/Cellar/postgresql/9.5.4_1/bin/pg_ctl" -w -l "pg_upgrade_server.log" -D "/usr/local/var/postgres" -o "-p 50432 -c autovacuum=off -c autovacuum_freeze_max_age=2000000000  -c listen_addresses='' -c unix_socket_permissions=0700" start >> "pg_upgrade_server.log" 2>&1
pg_ctl: another server might be running; trying to start server anyway
waiting for server to start....FATAL:  lock file "postmaster.pid" already exists
HINT:  Is another postmaster (PID 426) running in data directory "/usr/local/var/postgres"?
 stopped waiting
pg_ctl: could not start server
Examine the log output.


